# Logfile created on 2026-03-26 13:15:22 +0530 by logger.rb/v1.4.3
2026-03-26 13:15:22 +0530: Memory Usage (502428K) : Starting running SG13G2 Klayout LVS runset on /home/ic_design_trg/IHP__LNA7096/LNA7096-main/layout/klayout/IHP__LNA7096.gds
2026-03-26 13:15:22 +0530: Memory Usage (502428K) : Ruby Version for klayout: 3.0.2
2026-03-26 13:15:22 +0530: Memory Usage (503964K) : Loading database to memory is complete.
2026-03-26 13:15:22 +0530: Memory Usage (503964K) : SG13G2 Klayout LVS runset output at: /home/ic_design_trg/IHP__LNA7096/LNA7096-main/verification/lvs/IHP__LNA7096.lvsdb
2026-03-26 13:15:22 +0530: Memory Usage (503964K) : Evaluate switches.
2026-03-26 13:15:22 +0530: Memory Usage (503964K) : Extracted netlist with net names: true
2026-03-26 13:15:22 +0530: Memory Usage (503964K) : Extracted netlist with comments in details: false
2026-03-26 13:15:22 +0530: Memory Usage (503964K) : Selected NET_ONLY option: false
2026-03-26 13:15:22 +0530: Memory Usage (503964K) : Selected LAYOUT_NETLIST option: (none)
2026-03-26 13:15:22 +0530: Memory Usage (503964K) : Selected IGNORE_TOP_PORTS_MISMATCH option: 
2026-03-26 13:15:22 +0530: Memory Usage (503964K) : Selected IMPLICIT_NETS option: (none)
2026-03-26 13:15:22 +0530: Memory Usage (503964K) : Selected TOP_LVL_PINS option: false
2026-03-26 13:15:22 +0530: Memory Usage (503964K) : Selected COMBINE DEVICES option: false
2026-03-26 13:15:22 +0530: Memory Usage (503964K) : Selected PURGE option: false
2026-03-26 13:15:22 +0530: Memory Usage (503964K) : Selected PURGE_NETS option: false
2026-03-26 13:15:22 +0530: Memory Usage (503964K) : Selected SIMPLIFY option: true
2026-03-26 13:15:22 +0530: Memory Usage (503964K) : Selected SERIES_RES option: true
2026-03-26 13:15:22 +0530: Memory Usage (503964K) : Selected PARALLEL_RES option: true
2026-03-26 13:15:22 +0530: Memory Usage (503964K) : flat  mode is enabled.
2026-03-26 13:15:22 +0530: Memory Usage (505116K) : Netlist file: /home/ic_design_trg/IHP__LNA7096/LNA7096-main/schematic/xschem/simulation/IHP__LNA7096.spice
2026-03-26 13:15:22 +0530: Memory Usage (505116K) : LVS extracted netlist at: /home/ic_design_trg/IHP__LNA7096/LNA7096-main/verification/lvs/IHP__LNA7096_extracted.cir
2026-03-26 13:15:22 +0530: Memory Usage (505116K) : Applying SRAM integration support.
2026-03-26 13:15:22 +0530: Memory Usage (505116K) : Starting SG13G2 LVS runset
2026-03-26 13:15:22 +0530: Memory Usage (505116K) : Read in polygons from layers.
2026-03-26 13:15:22 +0530: Memory Usage (505628K) : activ_drw has 469 polygons
2026-03-26 13:15:22 +0530: Memory Usage (511808K) : activ_filler has 121998 polygons
2026-03-26 13:15:22 +0530: Memory Usage (515392K) : activ has 122467 polygons
2026-03-26 13:15:22 +0530: Memory Usage (515392K) : activ_pin has 28 polygons
2026-03-26 13:15:22 +0530: Memory Usage (515392K) : activ_mask has 0 polygons
2026-03-26 13:15:22 +0530: Memory Usage (515520K) : activ_nofill has 6 polygons
2026-03-26 13:15:22 +0530: Memory Usage (515904K) : activ_OPC has 0 polygons
2026-03-26 13:15:22 +0530: Memory Usage (516032K) : activ_iOPC has 0 polygons
2026-03-26 13:15:22 +0530: Memory Usage (516032K) : activ_noqrc has 12 polygons
2026-03-26 13:15:22 +0530: Memory Usage (516032K) : biwind_drw has 0 polygons
2026-03-26 13:15:22 +0530: Memory Usage (516288K) : biwind_OPC has 0 polygons
2026-03-26 13:15:22 +0530: Memory Usage (517824K) : gatpoly_drw has 436 polygons
2026-03-26 13:15:23 +0530: Memory Usage (533972K) : gatpoly_filler has 128389 polygons
2026-03-26 13:15:23 +0530: Memory Usage (542676K) : gatpoly has 128825 polygons
2026-03-26 13:15:23 +0530: Memory Usage (543188K) : gatpoly_pin has 62 polygons
2026-03-26 13:15:23 +0530: Memory Usage (543316K) : gatpoly_nofill has 6 polygons
2026-03-26 13:15:23 +0530: Memory Usage (543572K) : gatpoly_OPC has 0 polygons
2026-03-26 13:15:23 +0530: Memory Usage (543700K) : gatpoly_iOPC has 0 polygons
2026-03-26 13:15:23 +0530: Memory Usage (543828K) : gatpoly_noqrc has 0 polygons
2026-03-26 13:15:23 +0530: Memory Usage (575868K) : cont_drw has 206069 polygons
2026-03-26 13:15:23 +0530: Memory Usage (575868K) : cont_OPC has 0 polygons
2026-03-26 13:15:23 +0530: Memory Usage (575868K) : nsd_drw has 134 polygons
2026-03-26 13:15:23 +0530: Memory Usage (575868K) : nsd_block has 0 polygons
2026-03-26 13:15:23 +0530: Memory Usage (575868K) : metal1_drw has 2185 polygons
2026-03-26 13:15:24 +0530: Memory Usage (607484K) : metal1_filler has 131506 polygons
2026-03-26 13:15:24 +0530: Memory Usage (607484K) : metal1_slit has 0 polygons
2026-03-26 13:15:24 +0530: Memory Usage (630908K) : metal1 has 133691 polygons
2026-03-26 13:15:24 +0530: Memory Usage (630908K) : metal1_pin has 628 polygons
2026-03-26 13:15:24 +0530: Memory Usage (630908K) : metal1_mask has 0 polygons
2026-03-26 13:15:24 +0530: Memory Usage (630908K) : metal1_nofill has 6 polygons
2026-03-26 13:15:24 +0530: Memory Usage (631036K) : metal1_text has 46 polygons
2026-03-26 13:15:24 +0530: Memory Usage (631036K) : metal1_OPC has 0 polygons
2026-03-26 13:15:24 +0530: Memory Usage (631036K) : metal1_noqrc has 12 polygons
2026-03-26 13:15:24 +0530: Memory Usage (631036K) : metal1_res has 0 polygons
2026-03-26 13:15:24 +0530: Memory Usage (631036K) : metal1_iprobe has 0 polygons
2026-03-26 13:15:24 +0530: Memory Usage (631036K) : metal1_diffprb has 0 polygons
2026-03-26 13:15:24 +0530: Memory Usage (631036K) : passiv_drw has 38 polygons
2026-03-26 13:15:24 +0530: Memory Usage (631036K) : passiv_pin has 0 polygons
2026-03-26 13:15:24 +0530: Memory Usage (631036K) : passiv_sbump has 0 polygons
2026-03-26 13:15:24 +0530: Memory Usage (631036K) : passiv_pillar has 0 polygons
2026-03-26 13:15:24 +0530: Memory Usage (631036K) : passiv_pdl has 0 polygons
2026-03-26 13:15:24 +0530: Memory Usage (631036K) : metal2_drw has 1379 polygons
2026-03-26 13:15:24 +0530: Memory Usage (636284K) : metal2_filler has 132595 polygons
2026-03-26 13:15:24 +0530: Memory Usage (636284K) : metal2_slit has 0 polygons
2026-03-26 13:15:24 +0530: Memory Usage (659580K) : metal2 has 133974 polygons
2026-03-26 13:15:24 +0530: Memory Usage (659580K) : metal2_pin has 180 polygons
2026-03-26 13:15:24 +0530: Memory Usage (659580K) : metal2_mask has 0 polygons
2026-03-26 13:15:24 +0530: Memory Usage (659580K) : metal2_nofill has 6 polygons
2026-03-26 13:15:24 +0530: Memory Usage (659580K) : metal2_text has 42 polygons
2026-03-26 13:15:24 +0530: Memory Usage (659580K) : metal2_OPC has 0 polygons
2026-03-26 13:15:24 +0530: Memory Usage (659580K) : metal2_noqrc has 12 polygons
2026-03-26 13:15:24 +0530: Memory Usage (659580K) : metal2_res has 0 polygons
2026-03-26 13:15:24 +0530: Memory Usage (659580K) : metal2_iprobe has 0 polygons
2026-03-26 13:15:24 +0530: Memory Usage (659580K) : metal2_diffprb has 0 polygons
2026-03-26 13:15:24 +0530: Memory Usage (659580K) : baspoly_drw has 0 polygons
2026-03-26 13:15:24 +0530: Memory Usage (659580K) : baspoly_pin has 0 polygons
2026-03-26 13:15:24 +0530: Memory Usage (659580K) : psd_drw has 386 polygons
2026-03-26 13:15:24 +0530: Memory Usage (659580K) : nldb_drw has 0 polygons
2026-03-26 13:15:24 +0530: Memory Usage (659580K) : digibnd_drw has 0 polygons
2026-03-26 13:15:24 +0530: Memory Usage (659580K) : via1_drw has 72949 polygons
2026-03-26 13:15:24 +0530: Memory Usage (659580K) : backmetal1_drw has 0 polygons
2026-03-26 13:15:24 +0530: Memory Usage (659580K) : backmetal1_pin has 0 polygons
2026-03-26 13:15:24 +0530: Memory Usage (659580K) : backmetal1_mask has 0 polygons
2026-03-26 13:15:24 +0530: Memory Usage (659580K) : backmetal1_filler has 0 polygons
2026-03-26 13:15:24 +0530: Memory Usage (659580K) : backmetal1_nofill has 0 polygons
2026-03-26 13:15:24 +0530: Memory Usage (659580K) : backmetal1_slit has 0 polygons
2026-03-26 13:15:24 +0530: Memory Usage (659580K) : backmetal1_text has 0 polygons
2026-03-26 13:15:24 +0530: Memory Usage (659580K) : backmetal1_OPC has 0 polygons
2026-03-26 13:15:24 +0530: Memory Usage (659580K) : backmetal1_noqrc has 0 polygons
2026-03-26 13:15:24 +0530: Memory Usage (659580K) : backmetal1_res has 0 polygons
2026-03-26 13:15:24 +0530: Memory Usage (659580K) : backmetal1_iprobe has 0 polygons
2026-03-26 13:15:24 +0530: Memory Usage (659580K) : backmetal1_diffprb has 0 polygons
2026-03-26 13:15:24 +0530: Memory Usage (659580K) : backpassiv_drw has 0 polygons
2026-03-26 13:15:24 +0530: Memory Usage (659580K) : res_drw has 0 polygons
2026-03-26 13:15:24 +0530: Memory Usage (659580K) : sram_drw has 0 polygons
2026-03-26 13:15:24 +0530: Memory Usage (659580K) : trans_drw has 0 polygons
2026-03-26 13:15:24 +0530: Memory Usage (659580K) : ind_drw has 6 polygons
2026-03-26 13:15:24 +0530: Memory Usage (659580K) : ind_pin has 12 polygons
2026-03-26 13:15:24 +0530: Memory Usage (659580K) : ind_text has 12 polygons
2026-03-26 13:15:24 +0530: Memory Usage (659580K) : salblock_drw has 600 polygons
2026-03-26 13:15:25 +0530: Memory Usage (659580K) : via2_drw has 65965 polygons
2026-03-26 13:15:25 +0530: Memory Usage (659580K) : metal3_drw has 401 polygons
2026-03-26 13:15:25 +0530: Memory Usage (668412K) : metal3_filler has 92965 polygons
2026-03-26 13:15:25 +0530: Memory Usage (668412K) : metal3_slit has 0 polygons
2026-03-26 13:15:25 +0530: Memory Usage (679420K) : metal3 has 93366 polygons
2026-03-26 13:15:25 +0530: Memory Usage (679420K) : metal3_pin has 55 polygons
2026-03-26 13:15:25 +0530: Memory Usage (679420K) : metal3_mask has 0 polygons
2026-03-26 13:15:25 +0530: Memory Usage (679420K) : metal3_nofill has 6 polygons
2026-03-26 13:15:25 +0530: Memory Usage (679420K) : metal3_text has 27 polygons
2026-03-26 13:15:25 +0530: Memory Usage (679420K) : metal3_OPC has 0 polygons
2026-03-26 13:15:25 +0530: Memory Usage (679420K) : metal3_noqrc has 12 polygons
2026-03-26 13:15:25 +0530: Memory Usage (679420K) : metal3_res has 0 polygons
2026-03-26 13:15:25 +0530: Memory Usage (679420K) : metal3_iprobe has 0 polygons
2026-03-26 13:15:25 +0530: Memory Usage (679420K) : metal3_diffprb has 0 polygons
2026-03-26 13:15:25 +0530: Memory Usage (679420K) : nwell_drw has 128 polygons
2026-03-26 13:15:25 +0530: Memory Usage (679420K) : nwell_pin has 0 polygons
2026-03-26 13:15:25 +0530: Memory Usage (679420K) : nwell_text has 0 polygons
2026-03-26 13:15:25 +0530: Memory Usage (679420K) : nbulay_drw has 46 polygons
2026-03-26 13:15:25 +0530: Memory Usage (679420K) : nbulay_pin has 0 polygons
2026-03-26 13:15:25 +0530: Memory Usage (679420K) : nbulay_block has 0 polygons
2026-03-26 13:15:25 +0530: Memory Usage (679420K) : emwind_drw has 0 polygons
2026-03-26 13:15:25 +0530: Memory Usage (679420K) : emwind_OPC has 0 polygons
2026-03-26 13:15:25 +0530: Memory Usage (679420K) : deepco_drw has 0 polygons
2026-03-26 13:15:25 +0530: Memory Usage (679420K) : mim_drw has 80 polygons
2026-03-26 13:15:25 +0530: Memory Usage (679420K) : edgeseal_drw has 1 polygons
2026-03-26 13:15:25 +0530: Memory Usage (679420K) : substrate_drw has 44 polygons
2026-03-26 13:15:25 +0530: Memory Usage (679420K) : substrate_text has 0 polygons
2026-03-26 13:15:25 +0530: Memory Usage (679420K) : dfpad_drw has 37 polygons
2026-03-26 13:15:25 +0530: Memory Usage (679420K) : dfpad_pillar has 0 polygons
2026-03-26 13:15:25 +0530: Memory Usage (679420K) : dfpad_sbump has 0 polygons
2026-03-26 13:15:25 +0530: Memory Usage (679420K) : thickgateox_drw has 18 polygons
2026-03-26 13:15:25 +0530: Memory Usage (679420K) : pldb_drw has 0 polygons
2026-03-26 13:15:25 +0530: Memory Usage (679420K) : pwell_drw has 0 polygons
2026-03-26 13:15:25 +0530: Memory Usage (679420K) : pwell_pin has 0 polygons
2026-03-26 13:15:25 +0530: Memory Usage (679420K) : pwell_block has 18 polygons
2026-03-26 13:15:25 +0530: Memory Usage (679420K) : ic_drw has 0 polygons
2026-03-26 13:15:25 +0530: Memory Usage (687868K) : via3_drw has 47165 polygons
2026-03-26 13:15:25 +0530: Memory Usage (687868K) : metal4_drw has 383 polygons
2026-03-26 13:15:26 +0530: Memory Usage (702460K) : metal4_filler has 94366 polygons
2026-03-26 13:15:26 +0530: Memory Usage (702460K) : metal4_slit has 0 polygons
2026-03-26 13:15:26 +0530: Memory Usage (706172K) : metal4 has 94749 polygons
2026-03-26 13:15:26 +0530: Memory Usage (706172K) : metal4_pin has 22 polygons
2026-03-26 13:15:26 +0530: Memory Usage (706172K) : metal4_mask has 0 polygons
2026-03-26 13:15:26 +0530: Memory Usage (706172K) : metal4_nofill has 6 polygons
2026-03-26 13:15:26 +0530: Memory Usage (706172K) : metal4_text has 22 polygons
2026-03-26 13:15:26 +0530: Memory Usage (706172K) : metal4_OPC has 0 polygons
2026-03-26 13:15:26 +0530: Memory Usage (706172K) : metal4_noqrc has 12 polygons
2026-03-26 13:15:26 +0530: Memory Usage (706172K) : metal4_res has 0 polygons
2026-03-26 13:15:26 +0530: Memory Usage (706172K) : metal4_iprobe has 0 polygons
2026-03-26 13:15:26 +0530: Memory Usage (706172K) : metal4_diffprb has 0 polygons
2026-03-26 13:15:26 +0530: Memory Usage (706172K) : heattrans_drw has 1906 polygons
2026-03-26 13:15:26 +0530: Memory Usage (706172K) : heatres_drw has 168 polygons
2026-03-26 13:15:26 +0530: Memory Usage (706172K) : fbe_drw has 0 polygons
2026-03-26 13:15:26 +0530: Memory Usage (706172K) : empoly_drw has 0 polygons
2026-03-26 13:15:26 +0530: Memory Usage (706172K) : digisub_drw has 0 polygons
2026-03-26 13:15:26 +0530: Memory Usage (706172K) : text_drw has 1170 polygons
2026-03-26 13:15:26 +0530: Memory Usage (714620K) : via4_drw has 46893 polygons
2026-03-26 13:15:26 +0530: Memory Usage (714620K) : metal5_drw has 297 polygons
2026-03-26 13:15:26 +0530: Memory Usage (724476K) : metal5_filler has 89668 polygons
2026-03-26 13:15:26 +0530: Memory Usage (724476K) : metal5_slit has 0 polygons
2026-03-26 13:15:26 +0530: Memory Usage (740220K) : metal5 has 89965 polygons
2026-03-26 13:15:26 +0530: Memory Usage (740220K) : metal5_pin has 41 polygons
2026-03-26 13:15:26 +0530: Memory Usage (740220K) : metal5_mask has 0 polygons
2026-03-26 13:15:26 +0530: Memory Usage (740220K) : metal5_nofill has 6 polygons
2026-03-26 13:15:26 +0530: Memory Usage (740220K) : metal5_text has 53 polygons
2026-03-26 13:15:26 +0530: Memory Usage (740220K) : metal5_OPC has 0 polygons
2026-03-26 13:15:26 +0530: Memory Usage (740220K) : metal5_noqrc has 12 polygons
2026-03-26 13:15:26 +0530: Memory Usage (740220K) : metal5_res has 0 polygons
2026-03-26 13:15:26 +0530: Memory Usage (740220K) : metal5_iprobe has 0 polygons
2026-03-26 13:15:26 +0530: Memory Usage (740220K) : metal5_diffprb has 0 polygons
2026-03-26 13:15:26 +0530: Memory Usage (740220K) : radhard_drw has 0 polygons
2026-03-26 13:15:26 +0530: Memory Usage (740220K) : memcap_drw has 0 polygons
2026-03-26 13:15:26 +0530: Memory Usage (740220K) : varicap_drw has 0 polygons
2026-03-26 13:15:26 +0530: Memory Usage (740220K) : intbondvia_drw has 0 polygons
2026-03-26 13:15:26 +0530: Memory Usage (740220K) : intbondmet_drw has 0 polygons
2026-03-26 13:15:26 +0530: Memory Usage (740220K) : devbondvia_drw has 0 polygons
2026-03-26 13:15:26 +0530: Memory Usage (740220K) : devbondmet_drw has 0 polygons
2026-03-26 13:15:26 +0530: Memory Usage (740220K) : devtrench_drw has 0 polygons
2026-03-26 13:15:26 +0530: Memory Usage (740220K) : redist_drw has 0 polygons
2026-03-26 13:15:26 +0530: Memory Usage (740220K) : graphbot_drw has 0 polygons
2026-03-26 13:15:26 +0530: Memory Usage (740220K) : graphtop_drw has 0 polygons
2026-03-26 13:15:26 +0530: Memory Usage (740220K) : antvia1_drw has 0 polygons
2026-03-26 13:15:26 +0530: Memory Usage (740220K) : antmetal2_drw has 0 polygons
2026-03-26 13:15:26 +0530: Memory Usage (740220K) : graphcont_drw has 0 polygons
2026-03-26 13:15:26 +0530: Memory Usage (740220K) : siwg_drw has 0 polygons
2026-03-26 13:15:26 +0530: Memory Usage (740220K) : siwg_filler has 0 polygons
2026-03-26 13:15:26 +0530: Memory Usage (740220K) : siwg_nofill has 0 polygons
2026-03-26 13:15:26 +0530: Memory Usage (740220K) : sigrating_drw has 0 polygons
2026-03-26 13:15:26 +0530: Memory Usage (740220K) : singrating_drw has 0 polygons
2026-03-26 13:15:26 +0530: Memory Usage (740220K) : graphpas_drw has 0 polygons
2026-03-26 13:15:26 +0530: Memory Usage (740220K) : emwind3_drw has 0 polygons
2026-03-26 13:15:26 +0530: Memory Usage (740220K) : emwihv3_drw has 0 polygons
2026-03-26 13:15:26 +0530: Memory Usage (740220K) : redbulay_drw has 0 polygons
2026-03-26 13:15:26 +0530: Memory Usage (740220K) : smos_drw has 0 polygons
2026-03-26 13:15:26 +0530: Memory Usage (740220K) : graphpad_drw has 0 polygons
2026-03-26 13:15:26 +0530: Memory Usage (740220K) : polimide_drw has 0 polygons
2026-03-26 13:15:26 +0530: Memory Usage (740220K) : polimide_pin has 0 polygons
2026-03-26 13:15:26 +0530: Memory Usage (740220K) : recog_drw has 18 polygons
2026-03-26 13:15:26 +0530: Memory Usage (740220K) : recog_pin has 0 polygons
2026-03-26 13:15:26 +0530: Memory Usage (740220K) : recog_esd has 92 polygons
2026-03-26 13:15:26 +0530: Memory Usage (740220K) : recog_diode has 28 polygons
2026-03-26 13:15:26 +0530: Memory Usage (740220K) : recog_tsv has 0 polygons
2026-03-26 13:15:26 +0530: Memory Usage (740220K) : recog_iprobe has 0 polygons
2026-03-26 13:15:26 +0530: Memory Usage (740220K) : recog_diffprb has 0 polygons
2026-03-26 13:15:26 +0530: Memory Usage (740220K) : recog_pillar has 0 polygons
2026-03-26 13:15:26 +0530: Memory Usage (740220K) : recog_sbump has 0 polygons
2026-03-26 13:15:26 +0530: Memory Usage (740220K) : recog_otp has 0 polygons
2026-03-26 13:15:26 +0530: Memory Usage (740220K) : recog_pdiode has 0 polygons
2026-03-26 13:15:26 +0530: Memory Usage (740220K) : recog_mom has 0 polygons
2026-03-26 13:15:26 +0530: Memory Usage (740220K) : recog_pcm has 0 polygons
2026-03-26 13:15:26 +0530: Memory Usage (740220K) : colopen_drw has 0 polygons
2026-03-26 13:15:26 +0530: Memory Usage (740220K) : graphmetal1_drw has 0 polygons
2026-03-26 13:15:26 +0530: Memory Usage (740220K) : graphmetal1_filler has 0 polygons
2026-03-26 13:15:26 +0530: Memory Usage (740220K) : graphmetal1_nofill has 0 polygons
2026-03-26 13:15:26 +0530: Memory Usage (740220K) : graphmetal1_slit has 0 polygons
2026-03-26 13:15:26 +0530: Memory Usage (740220K) : graphmetal1_OPC has 0 polygons
2026-03-26 13:15:26 +0530: Memory Usage (740220K) : graphmet1l_drw has 0 polygons
2026-03-26 13:15:26 +0530: Memory Usage (740220K) : graphmet1l_filler has 0 polygons
2026-03-26 13:15:26 +0530: Memory Usage (740220K) : graphmet1l_nofill has 0 polygons
2026-03-26 13:15:26 +0530: Memory Usage (740220K) : graphmet1l_slit has 0 polygons
2026-03-26 13:15:26 +0530: Memory Usage (740220K) : graphmet1l_OPC has 0 polygons
2026-03-26 13:15:26 +0530: Memory Usage (740220K) : extblock_drw has 168 polygons
2026-03-26 13:15:26 +0530: Memory Usage (740220K) : nldd_drw has 0 polygons
2026-03-26 13:15:26 +0530: Memory Usage (740220K) : pldd_drw has 0 polygons
2026-03-26 13:15:26 +0530: Memory Usage (740220K) : next_drw has 0 polygons
2026-03-26 13:15:26 +0530: Memory Usage (740220K) : pext_drw has 0 polygons
2026-03-26 13:15:26 +0530: Memory Usage (740220K) : nexthv_drw has 0 polygons
2026-03-26 13:15:26 +0530: Memory Usage (740220K) : pexthv_drw has 0 polygons
2026-03-26 13:15:26 +0530: Memory Usage (740220K) : graphgate_drw has 0 polygons
2026-03-26 13:15:26 +0530: Memory Usage (740220K) : sinwg_drw has 0 polygons
2026-03-26 13:15:26 +0530: Memory Usage (740220K) : sinwg_filler has 0 polygons
2026-03-26 13:15:26 +0530: Memory Usage (740220K) : sinwg_nofill has 0 polygons
2026-03-26 13:15:26 +0530: Memory Usage (740220K) : mempad_drw has 0 polygons
2026-03-26 13:15:26 +0530: Memory Usage (740220K) : topvia1_drw has 15034 polygons
2026-03-26 13:15:26 +0530: Memory Usage (740220K) : topmetal1_drw has 272 polygons
2026-03-26 13:15:26 +0530: Memory Usage (740220K) : topmetal1_filler has 23552 polygons
2026-03-26 13:15:26 +0530: Memory Usage (740220K) : topmetal1_slit has 0 polygons
2026-03-26 13:15:26 +0530: Memory Usage (740220K) : topmetal1 has 23824 polygons
2026-03-26 13:15:26 +0530: Memory Usage (740220K) : topmetal1_pin has 28 polygons
2026-03-26 13:15:26 +0530: Memory Usage (740220K) : topmetal1_mask has 0 polygons
2026-03-26 13:15:26 +0530: Memory Usage (740220K) : topmetal1_nofill has 6 polygons
2026-03-26 13:15:26 +0530: Memory Usage (740220K) : topmetal1_text has 10 polygons
2026-03-26 13:15:26 +0530: Memory Usage (740220K) : topmetal1_noqrc has 12 polygons
2026-03-26 13:15:26 +0530: Memory Usage (740220K) : topmetal1_res has 0 polygons
2026-03-26 13:15:26 +0530: Memory Usage (740220K) : topmetal1_iprobe has 0 polygons
2026-03-26 13:15:26 +0530: Memory Usage (740220K) : topmetal1_diffprb has 0 polygons
2026-03-26 13:15:26 +0530: Memory Usage (740220K) : inldpwl_drw has 0 polygons
2026-03-26 13:15:26 +0530: Memory Usage (740220K) : polyres_drw has 168 polygons
2026-03-26 13:15:26 +0530: Memory Usage (740220K) : polyres_pin has 0 polygons
2026-03-26 13:15:27 +0530: Memory Usage (759036K) : vmim_drw has 115180 polygons
2026-03-26 13:15:27 +0530: Memory Usage (759036K) : nbulaycut_drw has 0 polygons
2026-03-26 13:15:27 +0530: Memory Usage (759036K) : antmetal1_drw has 0 polygons
2026-03-26 13:15:27 +0530: Memory Usage (759036K) : topvia2_drw has 8072 polygons
2026-03-26 13:15:27 +0530: Memory Usage (759036K) : topmetal2_drw has 82 polygons
2026-03-26 13:15:27 +0530: Memory Usage (759036K) : topmetal2_filler has 21248 polygons
2026-03-26 13:15:27 +0530: Memory Usage (759036K) : topmetal2_slit has 0 polygons
2026-03-26 13:15:27 +0530: Memory Usage (759036K) : topmetal2 has 21330 polygons
2026-03-26 13:15:27 +0530: Memory Usage (759036K) : topmetal2_pin has 4 polygons
2026-03-26 13:15:27 +0530: Memory Usage (759036K) : topmetal2_mask has 0 polygons
2026-03-26 13:15:27 +0530: Memory Usage (759036K) : topmetal2_nofill has 6 polygons
2026-03-26 13:15:27 +0530: Memory Usage (759036K) : topmetal2_text has 29 polygons
2026-03-26 13:15:27 +0530: Memory Usage (759036K) : topmetal2_noqrc has 0 polygons
2026-03-26 13:15:27 +0530: Memory Usage (759036K) : topmetal2_res has 0 polygons
2026-03-26 13:15:27 +0530: Memory Usage (759036K) : topmetal2_iprobe has 0 polygons
2026-03-26 13:15:27 +0530: Memory Usage (759036K) : topmetal2_diffprb has 0 polygons
2026-03-26 13:15:27 +0530: Memory Usage (759036K) : snsring_drw has 0 polygons
2026-03-26 13:15:27 +0530: Memory Usage (759036K) : sensor_drw has 0 polygons
2026-03-26 13:15:27 +0530: Memory Usage (759036K) : snsarms_drw has 0 polygons
2026-03-26 13:15:27 +0530: Memory Usage (759036K) : snscmosvia_drw has 0 polygons
2026-03-26 13:15:27 +0530: Memory Usage (759036K) : colwind_drw has 0 polygons
2026-03-26 13:15:27 +0530: Memory Usage (759036K) : flm_drw has 0 polygons
2026-03-26 13:15:27 +0530: Memory Usage (759036K) : hafniumox_drw has 0 polygons
2026-03-26 13:15:27 +0530: Memory Usage (759036K) : memvia_drw has 0 polygons
2026-03-26 13:15:27 +0530: Memory Usage (759036K) : thinfilmres_drw has 0 polygons
2026-03-26 13:15:27 +0530: Memory Usage (759036K) : rfmem_drw has 0 polygons
2026-03-26 13:15:27 +0530: Memory Usage (759036K) : norcx_drw has 6 polygons
2026-03-26 13:15:27 +0530: Memory Usage (759036K) : norcx_m2m3 has 0 polygons
2026-03-26 13:15:27 +0530: Memory Usage (759036K) : norcx_m2m4 has 0 polygons
2026-03-26 13:15:27 +0530: Memory Usage (759036K) : norcx_m2m5 has 0 polygons
2026-03-26 13:15:27 +0530: Memory Usage (759036K) : norcx_m2tm1 has 0 polygons
2026-03-26 13:15:27 +0530: Memory Usage (759036K) : norcx_m2tm2 has 0 polygons
2026-03-26 13:15:27 +0530: Memory Usage (759036K) : norcx_m3m4 has 0 polygons
2026-03-26 13:15:27 +0530: Memory Usage (759036K) : norcx_m3m5 has 0 polygons
2026-03-26 13:15:27 +0530: Memory Usage (759036K) : norcx_m3tm1 has 0 polygons
2026-03-26 13:15:27 +0530: Memory Usage (759036K) : norcx_m3tm2 has 0 polygons
2026-03-26 13:15:27 +0530: Memory Usage (759036K) : norcx_m4m5 has 0 polygons
2026-03-26 13:15:27 +0530: Memory Usage (759036K) : norcx_m4tm1 has 0 polygons
2026-03-26 13:15:27 +0530: Memory Usage (759036K) : norcx_m4tm2 has 0 polygons
2026-03-26 13:15:27 +0530: Memory Usage (759036K) : norcx_m5tm1 has 0 polygons
2026-03-26 13:15:27 +0530: Memory Usage (759036K) : norcx_m5tm2 has 0 polygons
2026-03-26 13:15:27 +0530: Memory Usage (759036K) : norcx_tm1tm2 has 0 polygons
2026-03-26 13:15:27 +0530: Memory Usage (759036K) : norcx_m1sub has 0 polygons
2026-03-26 13:15:27 +0530: Memory Usage (759036K) : norcx_m2sub has 0 polygons
2026-03-26 13:15:27 +0530: Memory Usage (759036K) : norcx_m3sub has 0 polygons
2026-03-26 13:15:27 +0530: Memory Usage (759036K) : norcx_m4sub has 0 polygons
2026-03-26 13:15:27 +0530: Memory Usage (759036K) : norcx_m5sub has 0 polygons
2026-03-26 13:15:27 +0530: Memory Usage (759036K) : norcx_tm1sub has 0 polygons
2026-03-26 13:15:27 +0530: Memory Usage (759036K) : norcx_tm2sub has 0 polygons
2026-03-26 13:15:27 +0530: Memory Usage (759036K) : snsbotvia_drw has 0 polygons
2026-03-26 13:15:27 +0530: Memory Usage (759036K) : snstopvia_drw has 0 polygons
2026-03-26 13:15:27 +0530: Memory Usage (759036K) : deepvia_drw has 0 polygons
2026-03-26 13:15:27 +0530: Memory Usage (759036K) : fgetch_drw has 0 polygons
2026-03-26 13:15:27 +0530: Memory Usage (759036K) : ctrgat_drw has 0 polygons
2026-03-26 13:15:27 +0530: Memory Usage (759036K) : fgimp_drw has 0 polygons
2026-03-26 13:15:27 +0530: Memory Usage (759036K) : emwihv_drw has 0 polygons
2026-03-26 13:15:27 +0530: Memory Usage (759036K) : lbe_drw has 0 polygons
2026-03-26 13:15:27 +0530: Memory Usage (759036K) : alcustop_drw has 0 polygons
2026-03-26 13:15:27 +0530: Memory Usage (759036K) : nometfiller_drw has 0 polygons
2026-03-26 13:15:27 +0530: Memory Usage (759036K) : prboundary_drw has 2 polygons
2026-03-26 13:15:27 +0530: Memory Usage (759036K) : exchange0_drw has 0 polygons
2026-03-26 13:15:27 +0530: Memory Usage (759036K) : exchange0_pin has 0 polygons
2026-03-26 13:15:27 +0530: Memory Usage (759036K) : exchange0_text has 0 polygons
2026-03-26 13:15:27 +0530: Memory Usage (759036K) : exchange1_drw has 0 polygons
2026-03-26 13:15:27 +0530: Memory Usage (759036K) : exchange1_pin has 0 polygons
2026-03-26 13:15:27 +0530: Memory Usage (759036K) : exchange1_text has 0 polygons
2026-03-26 13:15:27 +0530: Memory Usage (759036K) : exchange2_drw has 0 polygons
2026-03-26 13:15:27 +0530: Memory Usage (759036K) : exchange2_pin has 0 polygons
2026-03-26 13:15:27 +0530: Memory Usage (759036K) : exchange2_text has 0 polygons
2026-03-26 13:15:27 +0530: Memory Usage (759036K) : exchange3_drw has 0 polygons
2026-03-26 13:15:27 +0530: Memory Usage (759036K) : exchange3_pin has 0 polygons
2026-03-26 13:15:27 +0530: Memory Usage (759036K) : exchange3_text has 0 polygons
2026-03-26 13:15:27 +0530: Memory Usage (759036K) : exchange4_drw has 0 polygons
2026-03-26 13:15:27 +0530: Memory Usage (759036K) : exchange4_pin has 0 polygons
2026-03-26 13:15:27 +0530: Memory Usage (759036K) : exchange4_text has 0 polygons
2026-03-26 13:15:27 +0530: Memory Usage (759036K) : isonwell_drw has 0 polygons
2026-03-26 13:15:27 +0530: Memory Usage (759036K) : Total no. of polygons in the design is 1426219
2026-03-26 13:15:27 +0530: Memory Usage (759036K) : Starting base layers derivations
2026-03-26 13:15:27 +0530: Memory Usage (759036K) : Starting general LVS derivations
2026-03-26 13:15:34 +0530: Memory Usage (1021560K) : Starting MOSFET DERIVATIONS
2026-03-26 13:15:35 +0530: Memory Usage (1037944K) : Starting NMOS DERIVATIONS
2026-03-26 13:15:36 +0530: Memory Usage (1052980K) : Starting PMOS DERIVATIONS
2026-03-26 13:15:36 +0530: Memory Usage (1052980K) : Starting RF-MOSFET DERIVATIONS
2026-03-26 13:15:36 +0530: Memory Usage (1052980K) : Starting RF-NMOS DERIVATIONS
2026-03-26 13:15:36 +0530: Memory Usage (1052980K) : Starting RF-PMOS DERIVATIONS
2026-03-26 13:15:36 +0530: Memory Usage (1052980K) : Starting BJT DERIVATIONS
2026-03-26 13:15:36 +0530: Memory Usage (1052980K) : Starting NPN-BJT DERIVATIONS
2026-03-26 13:15:36 +0530: Memory Usage (1278004K) : Starting PNP-BJT DERIVATIONS
2026-03-26 13:15:37 +0530: Memory Usage (1310132K) : Starting DIODE DERIVATIONS
2026-03-26 13:15:39 +0530: Memory Usage (1318316K) : Starting RESISTOR DERIVATIONS
2026-03-26 13:15:39 +0530: Memory Usage (1337004K) : Starting CAP DERIVATIONS
2026-03-26 13:15:40 +0530: Memory Usage (1339564K) : Starting ESD DERIVATIONS
2026-03-26 13:15:44 +0530: Memory Usage (1401516K) : Starting Inductor DERIVATIONS
2026-03-26 13:15:45 +0530: Memory Usage (1483692K) : Starting Taps DERIVATIONS
2026-03-26 13:15:45 +0530: Memory Usage (1494316K) : Starting SG13G2 LVS connectivity setup
2026-03-26 13:15:45 +0530: Memory Usage (1494316K) : Starting SG13G2 LVS connectivity setup (Inter-layer)
2026-03-26 13:15:46 +0530: Memory Usage (1495212K) : Starting SG13G2 LVS connectivity setup (Global)
2026-03-26 13:15:46 +0530: Memory Usage (1495212K) : Starting LVS MOSFET CONNECTIONS
2026-03-26 13:15:46 +0530: Memory Usage (1495212K) : Starting LVS RF-MOSFET CONNECTIONS
2026-03-26 13:15:46 +0530: Memory Usage (1495212K) : Starting LVS BJT CONNECTIONS
2026-03-26 13:15:46 +0530: Memory Usage (1495212K) : Starting LVS DIODE CONNECTIONS
2026-03-26 13:15:46 +0530: Memory Usage (1495212K) : Starting RESISTOR CONNECTIONS
2026-03-26 13:15:46 +0530: Memory Usage (1495212K) : Starting LVS CAP CONNECTIONS
2026-03-26 13:15:46 +0530: Memory Usage (1498540K) : Starting ESD CONNECTIONS
2026-03-26 13:15:46 +0530: Memory Usage (1498540K) : Starting Inductor CONNECTIONS
2026-03-26 13:15:46 +0530: Memory Usage (1498540K) : Starting LVS Taps CONNECTIONS
2026-03-26 13:15:46 +0530: Memory Usage (1498540K) : Starting SG13G2 LVS DEVICES EXTRACTION
2026-03-26 13:15:46 +0530: Memory Usage (1498540K) : Starting MOSFET EXTRACTION
2026-03-26 13:15:46 +0530: Memory Usage (1498540K) : Starting NMOS EXTRACTION
2026-03-26 13:15:46 +0530: Memory Usage (1498540K) : Extraction of NMOS-LV transistor
2026-03-26 13:15:50 +0530: Memory Usage (1533768K) : Extraction of NMOS-HV transistor
2026-03-26 13:15:54 +0530: Memory Usage (1546232K) : Starting PMOS EXTRACTION
2026-03-26 13:15:54 +0530: Memory Usage (1546232K) : Extraction of PMOS-LV transistor
2026-03-26 13:15:54 +0530: Memory Usage (1546232K) : Extraction of PMOS-HV transistor
2026-03-26 13:15:54 +0530: Memory Usage (1546232K) : Starting RF-MOSFET EXTRACTION
2026-03-26 13:15:54 +0530: Memory Usage (1546232K) : Extraction of RF-NMOS-LV transistor
2026-03-26 13:15:58 +0530: Memory Usage (1547832K) : Extraction of RF-NMOS-HV transistor
2026-03-26 13:16:03 +0530: Memory Usage (1547812K) : Extraction of RF-PMOS-LV transistor
2026-03-26 13:16:03 +0530: Memory Usage (1547812K) : Extraction of RF-PMOS-HV transistor
2026-03-26 13:16:03 +0530: Memory Usage (1547812K) : Starting BJT EXTRACTION
2026-03-26 13:16:03 +0530: Memory Usage (1547812K) : Starting NPN-BJT EXTRACTION
2026-03-26 13:16:03 +0530: Memory Usage (1547812K) : Extraction of npn13G2 BJT transistor
2026-03-26 13:16:03 +0530: Memory Usage (1547812K) : Extraction of npn13G2L BJT transistor
2026-03-26 13:16:03 +0530: Memory Usage (1547812K) : Extraction of npn13G2V BJT transistor
2026-03-26 13:16:03 +0530: Memory Usage (1547812K) : Starting PNP-BJT EXTRACTION
2026-03-26 13:16:03 +0530: Memory Usage (1547812K) : Extracting pnpMPA BJT
2026-03-26 13:16:03 +0530: Memory Usage (1547812K) : Starting DIODE EXTRACTION
2026-03-26 13:16:03 +0530: Memory Usage (1547812K) : Extracting dantenna diode
2026-03-26 13:16:03 +0530: Memory Usage (1547812K) : Extracting dpantenna diode
2026-03-26 13:16:03 +0530: Memory Usage (1547812K) : Extracting schottky_nbl1 diode
2026-03-26 13:16:03 +0530: Memory Usage (1547812K) : Extracting isolbox diode
2026-03-26 13:16:03 +0530: Memory Usage (1547812K) : Starting RESISTOR EXTRACTION
2026-03-26 13:16:03 +0530: Memory Usage (1547812K) : Extracting rsil resistor
2026-03-26 13:16:03 +0530: Memory Usage (1547812K) : Extracting rppd resistor
2026-03-26 13:16:03 +0530: Memory Usage (1547940K) : Extracting rhigh resistor
2026-03-26 13:16:03 +0530: Memory Usage (1547940K) : Extracting res_metal1 resistor
2026-03-26 13:16:05 +0530: Memory Usage (1547940K) : Extracting res_metal2 resistor
2026-03-26 13:16:07 +0530: Memory Usage (1547940K) : Extracting res_metal3 resistor
2026-03-26 13:16:08 +0530: Memory Usage (1555748K) : Extracting res_metal4 resistor
2026-03-26 13:16:09 +0530: Memory Usage (1555748K) : Extracting res_metal5 resistor
2026-03-26 13:16:10 +0530: Memory Usage (1555748K) : Extracting res_topmetal1 resistor
2026-03-26 13:16:11 +0530: Memory Usage (1555748K) : Extracting res_topmetal2 resistor
2026-03-26 13:16:11 +0530: Memory Usage (1555748K) : Starting CAP EXTRACTION
2026-03-26 13:16:11 +0530: Memory Usage (1555748K) : Extracting cap_cmim device
2026-03-26 13:16:11 +0530: Memory Usage (1555748K) : Extracting rfcmim device
2026-03-26 13:16:11 +0530: Memory Usage (1555748K) : Extracting sg13_hv_svaricap varactor
2026-03-26 13:16:11 +0530: Memory Usage (1555748K) : Starting ESD EXTRACTION
2026-03-26 13:16:11 +0530: Memory Usage (1555748K) : Extracting diodevdd_2kv ESD device
2026-03-26 13:16:11 +0530: Memory Usage (1555748K) : Extracting diodevdd_4kv ESD device
2026-03-26 13:16:11 +0530: Memory Usage (1555748K) : Extracting diodevss_2kv ESD device
2026-03-26 13:16:11 +0530: Memory Usage (1555748K) : Extracting diodevss_4kv ESD device
2026-03-26 13:16:11 +0530: Memory Usage (1555748K) : Extracting idiodevdd_2kv ESD device
2026-03-26 13:16:11 +0530: Memory Usage (1555748K) : Extracting idiodevdd_4kv ESD device
2026-03-26 13:16:11 +0530: Memory Usage (1555748K) : Extracting idiodevss_2kv ESD device
2026-03-26 13:16:11 +0530: Memory Usage (1555748K) : Extracting idiodevss_4kv ESD device
2026-03-26 13:16:11 +0530: Memory Usage (1555748K) : Extracting nmoscl_2 ESD device
2026-03-26 13:16:11 +0530: Memory Usage (1555748K) : Extracting nmoscl_4 ESD device
2026-03-26 13:16:11 +0530: Memory Usage (1555748K) : Starting Inductor EXTRACTION
2026-03-26 13:16:11 +0530: Memory Usage (1555748K) : Extracting Inductor2 device
2026-03-26 13:16:11 +0530: Memory Usage (1555876K) : Extracting Inductor3 device
2026-03-26 13:16:11 +0530: Memory Usage (1555876K) : Starting Taps EXTRACTION
2026-03-26 13:16:11 +0530: Memory Usage (1555876K) : Extracting ntap1 device
2026-03-26 13:16:11 +0530: Memory Usage (1555876K) : Extracting ptap1 device
2026-03-26 13:16:11 +0530: Memory Usage (1555876K) : Starting SG13G2 LVS RF MOS Model Mapping
2026-03-26 13:16:51 +0530: Memory Usage (3402276K) : [layout_netlist] Apply RF MOS model mapping and rfmode parameter.
2026-03-26 13:16:52 +0530: Memory Usage (3402276K) : Starting SG13G2 LVS Options Preparations
2026-03-26 13:16:52 +0530: Memory Usage (3402276K) : SG13G2 LVS flow: extraction -> alignment -> option preparation -> comparison.
2026-03-26 13:16:52 +0530: Memory Usage (3402276K) : Starting SG13G2 LVS Alignment
2026-03-26 13:16:52 +0530: Memory Usage (3402404K) : Starting SG13G2 LVS Simplification
2026-03-26 13:16:52 +0530: Memory Usage (3402404K) : [layout_netlist] simplify: ENABLED
2026-03-26 13:16:52 +0530: Memory Usage (3402404K) : [layout_netlist] make_top_level_pins: SKIPPED
2026-03-26 13:16:52 +0530: Memory Usage (3402404K) : [layout_netlist] combine_devices: SKIPPED
2026-03-26 13:16:52 +0530: Memory Usage (3402404K) : [layout_netlist] purge: SKIPPED
2026-03-26 13:16:52 +0530: Memory Usage (3402404K) : [layout_netlist] purge_nets: SKIPPED
2026-03-26 13:16:52 +0530: Memory Usage (3402404K) : [schematic_netlist] simplify: ENABLED
2026-03-26 13:16:52 +0530: Memory Usage (3402404K) : [schematic_netlist] make_top_level_pins: SKIPPED
2026-03-26 13:16:52 +0530: Memory Usage (3402404K) : [schematic_netlist] combine_devices: SKIPPED
2026-03-26 13:16:52 +0530: Memory Usage (3402404K) : [schematic_netlist] purge: SKIPPED
2026-03-26 13:16:52 +0530: Memory Usage (3402404K) : [schematic_netlist] purge_nets: SKIPPED
2026-03-26 13:16:52 +0530: Memory Usage (3402404K) : Starting SG13G2 LVS Comparison in strict port mode.
2026-03-26 13:16:52 +0530: Memory Usage (3402404K) : flag_missing_ports enabled: missing/mislabeled top-level ports are treated as errors.
2026-03-26 13:16:52 +0530: Memory Usage (3402404K) : xxxxxxxxxxxxxxxxxxxxxxxxxxxxxxxxxxxxxxxxxx
2026-03-26 13:16:52 +0530: Memory Usage (3402404K) : ERROR : Netlists don't match
2026-03-26 13:16:52 +0530: Memory Usage (3402404K) : xxxxxxxxxxxxxxxxxxxxxxxxxxxxxxxxxxxxxxxxxx
2026-03-26 13:16:52 +0530: Memory Usage (3402404K) : LVS Total Run time 90.058185 seconds
